<?xml version="1.0" encoding="UTF-8"?>
<!-- Generated by org.testng.reporters.JUnitXMLReporter -->
<testsuite ignored="3" hostname="srushtis-MacBook-Air.local" failures="0" tests="0" time="0.003" errors="0" timestamp="2026-02-17T13:14:55 IST">
  <testcase classname="practice.testng.DependsOnTest" name="deleteContactTest" time="0.0">
    <ignored/>
  </testcase> <!-- deleteContactTest -->
  <testcase classname="practice.testng.DependsOnTest" name="modifycontactTest" time="0.0">
    <ignored/>
  </testcase> <!-- modifycontactTest -->
  <testcase classname="practice.testng.DependsOnTest" name="createcontact" time="0.0">
    <ignored/>
  </testcase> <!-- createcontact -->
</testsuite>
