<?xml version="1.0" encoding="UTF-8"?>
<!-- Generated by org.testng.reporters.JUnitReportReporter -->
<testsuite hostname="srushtis-MacBook-Air.local" failures="0" tests="3" name="practice.testng.ContactTest" time="0.006" errors="0" timestamp="2026-02-17T13:16:09 IST" skipped="0">
  <testcase classname="practice.testng.ContactTest" name="createcontact" time="0.004"/>
  <testcase classname="practice.testng.ContactTest" name="modifycontactTest" time="0.001"/>
  <testcase classname="practice.testng.ContactTest" name="deleteContactTest" time="0.001"/>
</testsuite> <!-- practice.testng.ContactTest -->
