<?xml version="1.0" encoding="UTF-8"?>
<!-- Generated by org.testng.reporters.JUnitReportReporter -->
<testsuite hostname="srushtis-MacBook-Air.local" failures="0" tests="3" name="practice.testng.CreateContact_DP_Test2" time="0.005" errors="0" timestamp="2026-01-21T11:04:10 IST" skipped="0">
  <testcase classname="practice.testng.CreateContact_DP_Test2" name="createContactTest" time="0.004"/>
  <testcase classname="practice.testng.CreateContact_DP_Test2" name="createContactTest" time="0.000"/>
  <testcase classname="practice.testng.CreateContact_DP_Test2" name="createContactTest" time="0.001"/>
</testsuite> <!-- practice.testng.CreateContact_DP_Test2 -->
