<?xml version="1.0" encoding="UTF-8"?>
<!-- Generated by org.testng.reporters.JUnitReportReporter -->
<testsuite hostname="srushtis-MacBook-Air.local" failures="0" tests="2" name="practice.testng.BaseClassExtends" time="0.004" errors="0" timestamp="2026-01-29T10:41:04 IST" skipped="0">
  <testcase classname="practice.testng.BaseClassExtends" name="createContact" time="0.003"/>
  <testcase classname="practice.testng.BaseClassExtends" name="createContact1" time="0.001"/>
</testsuite> <!-- practice.testng.BaseClassExtends -->
