<?xml version="1.0" encoding="UTF-8"?>
<!-- Generated by org.testng.reporters.JUnitReportReporter -->
<testsuite hostname="srushtis-MacBook-Air.local" failures="0" tests="2" name="practice.testng.BaseClass" time="0.005" errors="0" timestamp="2026-01-29T10:38:12 IST" skipped="0">
  <testcase classname="practice.testng.BaseClass" name="createContact" time="0.004"/>
  <testcase classname="practice.testng.BaseClass" name="createContact1" time="0.001"/>
</testsuite> <!-- practice.testng.BaseClass -->
