<?xml version="1.0" encoding="UTF-8"?>
<!-- Generated by org.testng.reporters.JUnitReportReporter -->
<testsuite hostname="srushtis-MacBook-Air.local" failures="0" tests="2" name="practice.testng.ExtendsBaseClass2" time="0.000" errors="0" timestamp="2026-01-29T10:41:04 IST" skipped="0">
  <testcase classname="practice.testng.ExtendsBaseClass2" name="createContact2" time="0.000"/>
  <testcase classname="practice.testng.ExtendsBaseClass2" name="createContact3" time="0.000"/>
</testsuite> <!-- practice.testng.ExtendsBaseClass2 -->
