<?xml version="1.0" encoding="UTF-8"?>
<!-- Generated by org.testng.reporters.JUnitReportReporter -->
<testsuite hostname="srushtis-MacBook-Air.local" failures="0" tests="3" name="practice.testng.DependsOnTest" time="0.000" errors="0" timestamp="2026-02-17T13:16:09 IST" skipped="0">
  <testcase classname="practice.testng.DependsOnTest" name="createcontact" time="0.000"/>
  <testcase classname="practice.testng.DependsOnTest" name="deleteContactTest" time="0.000"/>
  <testcase classname="practice.testng.DependsOnTest" name="modifycontactTest" time="0.000"/>
</testsuite> <!-- practice.testng.DependsOnTest -->
