<?xml version="1.0" encoding="UTF-8"?>
<!-- Generated by org.testng.reporters.JUnitReportReporter -->
<testsuite hostname="srushtis-MacBook-Air.local" failures="0" tests="12" name="practice.testng.InvocationCount" time="0.010" errors="0" timestamp="2026-02-17T10:48:40 IST" skipped="1">
  <testcase classname="practice.testng.InvocationCount" name="createcontact" time="0.005"/>
  <testcase classname="practice.testng.InvocationCount" name="modifycontactTest" time="0.000"/>
  <testcase classname="practice.testng.InvocationCount" name="modifycontactTest" time="0.000"/>
  <testcase classname="practice.testng.InvocationCount" name="modifycontactTest" time="0.001"/>
  <testcase classname="practice.testng.InvocationCount" name="modifycontactTest" time="0.000"/>
  <testcase classname="practice.testng.InvocationCount" name="modifycontactTest" time="0.001"/>
  <testcase classname="practice.testng.InvocationCount" name="modifycontactTest" time="0.001"/>
  <testcase classname="practice.testng.InvocationCount" name="modifycontactTest" time="0.000"/>
  <testcase classname="practice.testng.InvocationCount" name="modifycontactTest" time="0.001"/>
  <testcase classname="practice.testng.InvocationCount" name="modifycontactTest" time="0.001"/>
  <testcase classname="practice.testng.InvocationCount" name="modifycontactTest" time="0.000"/>
  <testcase classname="practice.testng.InvocationCount" name="deleteContactTest">
    <skipped/>
  </testcase> <!-- deleteContactTest -->
</testsuite> <!-- practice.testng.InvocationCount -->
