<?xml version="1.0" encoding="UTF-8"?>
<!-- Generated by org.testng.reporters.JUnitXMLReporter -->
<testsuite ignored="0" hostname="srushtis-MacBook-Air.local" failures="0" tests="8" name="Default test" time="0.026" errors="0" timestamp="2026-02-17T13:16:09 IST">
  <testcase classname="practice.testng.ContactTest" name="createcontact" time="0.004"/>
  <testcase classname="practice.testng.ContactTest" name="modifycontactTest" time="0.001"/>
  <testcase classname="practice.testng.ContactTest" name="deleteContactTest" time="0.001"/>
  <testcase classname="practice.testng.SampleTest" name="test2" time="0.0"/>
  <testcase classname="practice.testng.SampleTest" name="test1" time="0.001"/>
  <testcase classname="practice.testng.DependsOnTest" name="createcontact" time="0.0"/>
  <testcase classname="practice.testng.DependsOnTest" name="modifycontactTest" time="0.0"/>
  <testcase classname="practice.testng.DependsOnTest" name="deleteContactTest" time="0.0"/>
</testsuite> <!-- Default test -->
