<?xml version="1.0" encoding="UTF-8"?>
<testng-results ignored="0" total="2" passed="2" failed="0" skipped="0">
  <reporter-output>
  </reporter-output>
  <suite started-at="2026-02-20T10:41:24 IST" name="Default suite" finished-at="2026-02-20T10:41:24 IST" duration-ms="22">
    <groups>
    </groups>
    <test started-at="2026-02-20T10:41:24 IST" name="Default test" finished-at="2026-02-20T10:41:24 IST" duration-ms="22">
      <class name="package1.ContactTest">
        <test-method signature="runTest()[pri:0, instance:package1.ContactTest@6069db50]" started-at="2026-02-20T10:41:24 IST" name="runTest" finished-at="2026-02-20T10:41:24 IST" duration-ms="4" status="PASS">
          <reporter-output>
          </reporter-output>
        </test-method> <!-- runTest -->
        <test-method signature="runnewTest()[pri:0, instance:package1.ContactTest@6069db50]" started-at="2026-02-20T10:41:24 IST" name="runnewTest" finished-at="2026-02-20T10:41:24 IST" duration-ms="1" status="PASS">
          <reporter-output>
          </reporter-output>
        </test-method> <!-- runnewTest -->
      </class> <!-- package1.ContactTest -->
    </test> <!-- Default test -->
  </suite> <!-- Default suite -->
</testng-results>
